G:\git\MPB\EpgDataCap_Bon_MP\..\x86\Debug\EpgDataCap_Bon.pdb
G:\GIT\MPB\EPGDATACAP_BON_MP\EPGDATACAP_BON\DEBUG\BONCTRL.OBJ
G:\GIT\MPB\EPGDATACAP_BON_MP\EPGDATACAP_BON\DEBUG\BONCTRLMP.OBJ
G:\GIT\MPB\EPGDATACAP_BON_MP\EPGDATACAP_BON\DEBUG\BONDRIVERUTIL.OBJ
G:\GIT\MPB\EPGDATACAP_BON_MP\EPGDATACAP_BON\DEBUG\CATUTIL.OBJ
G:\GIT\MPB\EPGDATACAP_BON_MP\EPGDATACAP_BON\DEBUG\CHSETUTIL.OBJ
G:\git\MPB\EpgDataCap_Bon_MP\EpgDataCap_Bon\Debug\cl.command.1.tlog
G:\git\MPB\EpgDataCap_Bon_MP\EpgDataCap_Bon\Debug\CL.read.1.tlog
G:\git\MPB\EpgDataCap_Bon_MP\EpgDataCap_Bon\Debug\CL.write.1.tlog
G:\GIT\MPB\EPGDATACAP_BON_MP\EPGDATACAP_BON\DEBUG\CMDLINEUTIL.OBJ
G:\GIT\MPB\EPGDATACAP_BON_MP\EPGDATACAP_BON\DEBUG\CREATEPATPACKET.OBJ
G:\GIT\MPB\EPGDATACAP_BON_MP\EPGDATACAP_BON\DEBUG\CREATEPMTPACKET.OBJ
G:\GIT\MPB\EPGDATACAP_BON_MP\EPGDATACAP_BON\DEBUG\CTRLCMDUTIL.OBJ
G:\GIT\MPB\EPGDATACAP_BON_MP\EPGDATACAP_BON\DEBUG\CTRLCMDUTIL2.OBJ
G:\GIT\MPB\EPGDATACAP_BON_MP\EPGDATACAP_BON\DEBUG\DBCTRL.OBJ
G:\GIT\MPB\EPGDATACAP_BON_MP\EPGDATACAP_BON\DEBUG\DROPCOUNT.OBJ
G:\GIT\MPB\EPGDATACAP_BON_MP\EPGDATACAP_BON\DEBUG\EPGDATACAP_BON.EXE.EMBED.MANIFEST
G:\GIT\MPB\EPGDATACAP_BON_MP\EPGDATACAP_BON\DEBUG\EPGDATACAP_BON.EXE.EMBED.MANIFEST.RES
G:\GIT\MPB\EPGDATACAP_BON_MP\EPGDATACAP_BON\DEBUG\EPGDATACAP_BON.EXE.INTERMEDIATE.MANIFEST
G:\GIT\MPB\EPGDATACAP_BON_MP\EPGDATACAP_BON\DEBUG\EPGDATACAP_BON.OBJ
G:\GIT\MPB\EPGDATACAP_BON_MP\EPGDATACAP_BON\DEBUG\EPGDATACAP_BON.PCH
G:\GIT\MPB\EPGDATACAP_BON_MP\EPGDATACAP_BON\DEBUG\EPGDATACAP_BON.RES
G:\git\MPB\EpgDataCap_Bon_MP\EpgDataCap_Bon\Debug\EpgDataCap_Bon_manifest.rc
G:\GIT\MPB\EPGDATACAP_BON_MP\EPGDATACAP_BON\DEBUG\EPGDATACAP_BONDLG.OBJ
G:\GIT\MPB\EPGDATACAP_BON_MP\EPGDATACAP_BON\DEBUG\EPGDATACAP_BONMAIN.OBJ
G:\GIT\MPB\EPGDATACAP_BON_MP\EPGDATACAP_BON\DEBUG\EPGDATACAP3UTIL.OBJ
G:\GIT\MPB\EPGDATACAP_BON_MP\EPGDATACAP_BON\DEBUG\EPGTIMERUTIL.OBJ
G:\git\MPB\EpgDataCap_Bon_MP\EpgDataCap_Bon\Debug\link.7268.read.1.tlog
G:\git\MPB\EpgDataCap_Bon_MP\EpgDataCap_Bon\Debug\link.7268.write.1.tlog
G:\git\MPB\EpgDataCap_Bon_MP\EpgDataCap_Bon\Debug\link.7268-cvtres.read.1.tlog
G:\git\MPB\EpgDataCap_Bon_MP\EpgDataCap_Bon\Debug\link.7268-cvtres.write.1.tlog
G:\git\MPB\EpgDataCap_Bon_MP\EpgDataCap_Bon\Debug\link.9776.read.1.tlog
G:\git\MPB\EpgDataCap_Bon_MP\EpgDataCap_Bon\Debug\link.9776.write.1.tlog
G:\git\MPB\EpgDataCap_Bon_MP\EpgDataCap_Bon\Debug\link.9776-cvtres.read.1.tlog
G:\git\MPB\EpgDataCap_Bon_MP\EpgDataCap_Bon\Debug\link.9776-cvtres.write.1.tlog
G:\git\MPB\EpgDataCap_Bon_MP\EpgDataCap_Bon\Debug\link.command.1.tlog
G:\git\MPB\EpgDataCap_Bon_MP\EpgDataCap_Bon\Debug\link.read.1.tlog
G:\git\MPB\EpgDataCap_Bon_MP\EpgDataCap_Bon\Debug\link.write.1.tlog
G:\git\MPB\EpgDataCap_Bon_MP\EpgDataCap_Bon\Debug\link-cvtres.read.1.tlog
G:\git\MPB\EpgDataCap_Bon_MP\EpgDataCap_Bon\Debug\link-cvtres.write.1.tlog
G:\GIT\MPB\EPGDATACAP_BON_MP\EPGDATACAP_BON\DEBUG\MPCTRL.OBJ
G:\git\MPB\EpgDataCap_Bon_MP\EpgDataCap_Bon\Debug\mt.command.1.tlog
G:\git\MPB\EpgDataCap_Bon_MP\EpgDataCap_Bon\Debug\mt.read.1.tlog
G:\git\MPB\EpgDataCap_Bon_MP\EpgDataCap_Bon\Debug\mt.write.1.tlog
G:\GIT\MPB\EPGDATACAP_BON_MP\EPGDATACAP_BON\DEBUG\ONESERVICEUTIL.OBJ
G:\GIT\MPB\EPGDATACAP_BON_MP\EPGDATACAP_BON\DEBUG\PACKETINIT.OBJ
G:\GIT\MPB\EPGDATACAP_BON_MP\EPGDATACAP_BON\DEBUG\PARSECHTEXT4MP.OBJ
G:\GIT\MPB\EPGDATACAP_BON_MP\EPGDATACAP_BON\DEBUG\PARSECHTEXT5.OBJ
G:\GIT\MPB\EPGDATACAP_BON_MP\EPGDATACAP_BON\DEBUG\PATHUTIL.OBJ
G:\GIT\MPB\EPGDATACAP_BON_MP\EPGDATACAP_BON\DEBUG\PIPESERVER.OBJ
G:\GIT\MPB\EPGDATACAP_BON_MP\EPGDATACAP_BON\DEBUG\PMTUTIL.OBJ
G:\git\MPB\EpgDataCap_Bon_MP\EpgDataCap_Bon\Debug\rc.command.1.tlog
G:\git\MPB\EpgDataCap_Bon_MP\EpgDataCap_Bon\Debug\rc.read.1.tlog
G:\git\MPB\EpgDataCap_Bon_MP\EpgDataCap_Bon\Debug\rc.write.1.tlog
G:\GIT\MPB\EPGDATACAP_BON_MP\EPGDATACAP_BON\DEBUG\SCRAMBLEDECODERUTIL.OBJ
G:\GIT\MPB\EPGDATACAP_BON_MP\EPGDATACAP_BON\DEBUG\SENDCTRLCMD.OBJ
G:\GIT\MPB\EPGDATACAP_BON_MP\EPGDATACAP_BON\DEBUG\SENDTCP.OBJ
G:\GIT\MPB\EPGDATACAP_BON_MP\EPGDATACAP_BON\DEBUG\SENDTSTCPDLLUTIL.OBJ
G:\GIT\MPB\EPGDATACAP_BON_MP\EPGDATACAP_BON\DEBUG\SENDUDP.OBJ
G:\GIT\MPB\EPGDATACAP_BON_MP\EPGDATACAP_BON\DEBUG\SETDLGAPP.OBJ
G:\GIT\MPB\EPGDATACAP_BON_MP\EPGDATACAP_BON\DEBUG\SETDLGAPPBTN.OBJ
G:\GIT\MPB\EPGDATACAP_BON_MP\EPGDATACAP_BON\DEBUG\SETDLGBASIC.OBJ
G:\GIT\MPB\EPGDATACAP_BON_MP\EPGDATACAP_BON\DEBUG\SETDLGEPG.OBJ
G:\GIT\MPB\EPGDATACAP_BON_MP\EPGDATACAP_BON\DEBUG\SETDLGNETWORK.OBJ
G:\GIT\MPB\EPGDATACAP_BON_MP\EPGDATACAP_BON\DEBUG\SETDLGSERVICE.OBJ
G:\GIT\MPB\EPGDATACAP_BON_MP\EPGDATACAP_BON\DEBUG\SETTINGDLG.OBJ
G:\GIT\MPB\EPGDATACAP_BON_MP\EPGDATACAP_BON\DEBUG\STDAFX.OBJ
G:\GIT\MPB\EPGDATACAP_BON_MP\EPGDATACAP_BON\DEBUG\STRINGUTIL.OBJ
G:\GIT\MPB\EPGDATACAP_BON_MP\EPGDATACAP_BON\DEBUG\TIMEUTIL.OBJ
G:\GIT\MPB\EPGDATACAP_BON_MP\EPGDATACAP_BON\DEBUG\TSBUFFUTIL.OBJ
G:\GIT\MPB\EPGDATACAP_BON_MP\EPGDATACAP_BON\DEBUG\TSOUT.OBJ
G:\GIT\MPB\EPGDATACAP_BON_MP\EPGDATACAP_BON\DEBUG\TSPACKETUTIL.OBJ
G:\GIT\MPB\EPGDATACAP_BON_MP\EPGDATACAP_BON\DEBUG\UTIL.OBJ
G:\git\MPB\EpgDataCap_Bon_MP\EpgDataCap_Bon\Debug\vc100.idb
G:\GIT\MPB\EPGDATACAP_BON_MP\EPGDATACAP_BON\DEBUG\VC100.PDB
G:\GIT\MPB\EPGDATACAP_BON_MP\EPGDATACAP_BON\DEBUG\WRITEPLUGINUTIL.OBJ
G:\GIT\MPB\EPGDATACAP_BON_MP\EPGDATACAP_BON\DEBUG\WRITETSFILE.OBJ
G:\GIT\MPB\X86\DEBUG\EPGDATACAP_BON.EXE
G:\GIT\MPB\X86\DEBUG\EPGDATACAP_BON.ILK
G:\GIT\MPB\X86\DEBUG\EPGDATACAP_BON.PDB
