2014/04/28 16:19:40 にビルドを開始しました。
     1>ノード 2 上のプロジェクト "G:\git\MPB\EpgDataCap_Bon\EpgDataCap_Bon\EpgDataCap_Bon.vcxproj" (build ターゲット)。
     1>InitializeBuildStatus:
         "AlwaysCreate" が指定されたため "Debug\EpgDataCap_Bon.unsuccessfulbuild" を作成しています。
       ClCompile:
         すべての出力が最新のものです。
         すべての出力が最新のものです。
       ResourceCompile:
         すべての出力が最新のものです。
       ManifestResourceCompile:
         すべての出力が最新のものです。
       Link:
         すべての出力が最新のものです。
       Manifest:
         C:\Program Files\Microsoft SDKs\Windows\v7.0A\bin\mt.exe /nologo /verbose /out:"Debug\EpgDataCap_Bon.exe.embed.manifest" /manifest Debug\EpgDataCap_Bon.exe.intermediate.manifest "C:\Program Files\Microsoft Visual Studio 10.0\VC\Include\Manifest\dpiaware.manifest"
         すべての出力が最新のものです。
       FinalizeBuildStatus:
         ファイル "Debug\EpgDataCap_Bon.unsuccessfulbuild" を削除しています。
         "Debug\EpgDataCap_Bon.lastbuildstate" のタッチ タスクを実行しています。
     1>プロジェクト "G:\git\MPB\EpgDataCap_Bon\EpgDataCap_Bon\EpgDataCap_Bon.vcxproj" (build ターゲット) のビルドが完了しました。

ビルドに成功しました。

経過時間 00:00:01.35
